
pierre-MS-7253	Tue Dec 27 09:49:34 2011
	ConfigStorage: Cannot initialize the shared memory region
	operating system directive open failed
	Permission non accordée


pierre-MS-7253	Tue Dec 27 09:49:34 2011
	ConfigStorage: Cannot initialize the shared memory region
	operating system directive open failed
	Permission non accordée


pierre-MS-7253	Tue Dec 27 09:49:34 2011
	Error in isc_attach_database() API call when working with security database
	operating system directive open failed
	Permission non accordée


pierre-MS-7253	Tue Dec 27 09:49:34 2011
	ConfigStorage: Cannot initialize the shared memory region
	operating system directive open failed
	Permission non accordée


pierre-MS-7253	Tue Dec 27 09:52:26 2011
	ConfigStorage: Cannot initialize the shared memory region
	operating system directive open failed
	Permission non accordée


pierre-MS-7253	Tue Dec 27 09:52:26 2011
	ConfigStorage: Cannot initialize the shared memory region
	operating system directive open failed
	Permission non accordée


pierre-MS-7253	Tue Dec 27 09:52:26 2011
	Error in isc_attach_database() API call when working with security database
	operating system directive open failed
	Permission non accordée


pierre-MS-7253	Tue Dec 27 09:52:26 2011
	ConfigStorage: Cannot initialize the shared memory region
	operating system directive open failed
	Permission non accordée


pierre-MS-7253	Tue Dec 27 09:53:23 2011
	ConfigStorage: Cannot initialize the shared memory region
	operating system directive open failed
	Permission non accordée


pierre-MS-7253	Tue Dec 27 09:53:23 2011
	ConfigStorage: Cannot initialize the shared memory region
	operating system directive open failed
	Permission non accordée


pierre-MS-7253	Tue Dec 27 09:53:23 2011
	Error in isc_attach_database() API call when working with security database
	operating system directive open failed
	Permission non accordée


pierre-MS-7253	Tue Dec 27 09:53:23 2011
	ConfigStorage: Cannot initialize the shared memory region
	operating system directive open failed
	Permission non accordée


pierre-MS-7253	Tue Dec 27 09:53:42 2011
	ConfigStorage: Cannot initialize the shared memory region
	operating system directive open failed
	Permission non accordée


pierre-MS-7253	Tue Dec 27 09:53:42 2011
	ConfigStorage: Cannot initialize the shared memory region
	operating system directive open failed
	Permission non accordée


pierre-MS-7253	Tue Dec 27 09:53:42 2011
	Error in isc_attach_database() API call when working with security database
	operating system directive open failed
	Permission non accordée


pierre-MS-7253	Tue Dec 27 09:53:42 2011
	ConfigStorage: Cannot initialize the shared memory region
	operating system directive open failed
	Permission non accordée


pierre-MS-7253	Tue Dec 27 09:54:04 2011
	ConfigStorage: Cannot initialize the shared memory region
	operating system directive open failed
	Permission non accordée


pierre-MS-7253	Tue Dec 27 09:54:04 2011
	ConfigStorage: Cannot initialize the shared memory region
	operating system directive open failed
	Permission non accordée


pierre-MS-7253	Tue Dec 27 09:54:04 2011
	Error in isc_attach_database() API call when working with security database
	operating system directive open failed
	Permission non accordée


pierre-MS-7253	Tue Dec 27 09:54:04 2011
	ConfigStorage: Cannot initialize the shared memory region
	operating system directive open failed
	Permission non accordée


pierre-MS-7253	Tue Dec 27 09:54:12 2011
	ConfigStorage: Cannot initialize the shared memory region
	operating system directive open failed
	Permission non accordée


pierre-MS-7253	Tue Dec 27 09:54:12 2011
	ConfigStorage: Cannot initialize the shared memory region
	operating system directive open failed
	Permission non accordée


pierre-MS-7253	Tue Dec 27 09:54:12 2011
	Error in isc_attach_database() API call when working with security database
	operating system directive open failed
	Permission non accordée


pierre-MS-7253	Tue Dec 27 09:54:12 2011
	ConfigStorage: Cannot initialize the shared memory region
	operating system directive open failed
	Permission non accordée


pierre-MS-7253	Tue Dec 27 09:57:37 2011
	ConfigStorage: Cannot initialize the shared memory region
	operating system directive open failed
	Permission non accordée


pierre-MS-7253	Tue Dec 27 09:57:37 2011
	ConfigStorage: Cannot initialize the shared memory region
	operating system directive open failed
	Permission non accordée


pierre-MS-7253	Tue Dec 27 09:57:37 2011
	Error in isc_attach_database() API call when working with security database
	operating system directive open failed
	Permission non accordée


pierre-MS-7253	Tue Dec 27 09:57:37 2011
	ConfigStorage: Cannot initialize the shared memory region
	operating system directive open failed
	Permission non accordée


pierre-MS-7253	Tue Dec 27 10:04:15 2011
	ConfigStorage: Cannot initialize the shared memory region
	operating system directive open failed
	Permission non accordée


pierre-MS-7253	Tue Dec 27 10:04:15 2011
	ConfigStorage: Cannot initialize the shared memory region
	operating system directive open failed
	Permission non accordée


pierre-MS-7253	Tue Dec 27 10:04:15 2011
	Error in isc_attach_database() API call when working with security database
	operating system directive open failed
	Permission non accordée


pierre-MS-7253	Tue Dec 27 10:04:15 2011
	ConfigStorage: Cannot initialize the shared memory region
	operating system directive open failed
	Permission non accordée


pierre-MS-7253	Tue Dec 27 10:04:18 2011
	ConfigStorage: Cannot initialize the shared memory region
	operating system directive open failed
	Permission non accordée


pierre-MS-7253	Tue Dec 27 10:04:18 2011
	ConfigStorage: Cannot initialize the shared memory region
	operating system directive open failed
	Permission non accordée


pierre-MS-7253	Tue Dec 27 10:04:18 2011
	Error in isc_attach_database() API call when working with security database
	operating system directive open failed
	Permission non accordée


pierre-MS-7253	Tue Dec 27 10:04:18 2011
	ConfigStorage: Cannot initialize the shared memory region
	operating system directive open failed
	Permission non accordée


pierre-MS-7253	Tue Dec 27 10:04:43 2011
	ConfigStorage: Cannot initialize the shared memory region
	operating system directive open failed
	Permission non accordée


pierre-MS-7253	Tue Dec 27 10:04:43 2011
	ConfigStorage: Cannot initialize the shared memory region
	operating system directive open failed
	Permission non accordée


pierre-MS-7253	Tue Dec 27 10:04:43 2011
	Error in isc_attach_database() API call when working with security database
	operating system directive open failed
	Permission non accordée


pierre-MS-7253	Tue Dec 27 10:04:43 2011
	ConfigStorage: Cannot initialize the shared memory region
	operating system directive open failed
	Permission non accordée


pierre-MS-7253	Tue Dec 27 10:04:43 2011
	ConfigStorage: Cannot initialize the shared memory region
	operating system directive open failed
	Permission non accordée


pierre-MS-7253	Tue Dec 27 10:04:43 2011
	ConfigStorage: Cannot initialize the shared memory region
	operating system directive open failed
	Permission non accordée


pierre-MS-7253	Tue Dec 27 10:04:43 2011
	Error in isc_attach_database() API call when working with security database
	operating system directive open failed
	Permission non accordée


pierre-MS-7253	Tue Dec 27 10:04:43 2011
	ConfigStorage: Cannot initialize the shared memory region
	operating system directive open failed
	Permission non accordée


pierre-MS-7253	Tue Dec 27 10:05:34 2011
	ConfigStorage: Cannot initialize the shared memory region
	operating system directive open failed
	Permission non accordée


pierre-MS-7253	Tue Dec 27 10:05:34 2011
	ConfigStorage: Cannot initialize the shared memory region
	operating system directive open failed
	Permission non accordée


pierre-MS-7253	Tue Dec 27 10:05:34 2011
	Error in isc_attach_database() API call when working with security database
	operating system directive open failed
	Permission non accordée


pierre-MS-7253	Tue Dec 27 10:05:34 2011
	ConfigStorage: Cannot initialize the shared memory region
	operating system directive open failed
	Permission non accordée


pierre-MS-7253	Tue Dec 27 10:05:34 2011
	ConfigStorage: Cannot initialize the shared memory region
	operating system directive open failed
	Permission non accordée


pierre-MS-7253	Tue Dec 27 10:05:34 2011
	ConfigStorage: Cannot initialize the shared memory region
	operating system directive open failed
	Permission non accordée


pierre-MS-7253	Tue Dec 27 10:05:34 2011
	Error in isc_attach_database() API call when working with security database
	operating system directive open failed
	Permission non accordée


pierre-MS-7253	Tue Dec 27 10:05:34 2011
	ConfigStorage: Cannot initialize the shared memory region
	operating system directive open failed
	Permission non accordée


pierre-MS-7253	Tue Dec 27 10:07:33 2011
	ConfigStorage: Cannot initialize the shared memory region
	operating system directive open failed
	Permission non accordée


pierre-MS-7253	Tue Dec 27 10:07:33 2011
	ConfigStorage: Cannot initialize the shared memory region
	operating system directive open failed
	Permission non accordée


pierre-MS-7253	Tue Dec 27 10:07:33 2011
	Error in isc_attach_database() API call when working with security database
	operating system directive open failed
	Permission non accordée


pierre-MS-7253	Tue Dec 27 10:07:33 2011
	ConfigStorage: Cannot initialize the shared memory region
	operating system directive open failed
	Permission non accordée


pierre-MS-7253	Tue Dec 27 10:07:37 2011
	ConfigStorage: Cannot initialize the shared memory region
	operating system directive open failed
	Permission non accordée


pierre-MS-7253	Tue Dec 27 10:07:37 2011
	ConfigStorage: Cannot initialize the shared memory region
	operating system directive open failed
	Permission non accordée


pierre-MS-7253	Tue Dec 27 10:07:37 2011
	Error in isc_attach_database() API call when working with security database
	operating system directive open failed
	Permission non accordée


pierre-MS-7253	Tue Dec 27 10:07:37 2011
	ConfigStorage: Cannot initialize the shared memory region
	operating system directive open failed
	Permission non accordée


pierre-MS-7253	Tue Dec 27 10:08:43 2011
	ConfigStorage: Cannot initialize the shared memory region
	operating system directive open failed
	Permission non accordée


pierre-MS-7253	Tue Dec 27 10:08:43 2011
	ConfigStorage: Cannot initialize the shared memory region
	operating system directive open failed
	Permission non accordée


pierre-MS-7253	Tue Dec 27 10:08:43 2011
	Error in isc_attach_database() API call when working with security database
	operating system directive open failed
	Permission non accordée


pierre-MS-7253	Tue Dec 27 10:08:43 2011
	ConfigStorage: Cannot initialize the shared memory region
	operating system directive open failed
	Permission non accordée


pierre-MS-7253	Tue Dec 27 10:08:43 2011
	ConfigStorage: Cannot initialize the shared memory region
	operating system directive open failed
	Permission non accordée


pierre-MS-7253	Tue Dec 27 10:08:43 2011
	ConfigStorage: Cannot initialize the shared memory region
	operating system directive open failed
	Permission non accordée


pierre-MS-7253	Tue Dec 27 10:08:43 2011
	Error in isc_attach_database() API call when working with security database
	operating system directive open failed
	Permission non accordée


pierre-MS-7253	Tue Dec 27 10:08:43 2011
	ConfigStorage: Cannot initialize the shared memory region
	operating system directive open failed
	Permission non accordée


pierre-MS-7253	Tue Dec 27 10:30:06 2011
	ConfigStorage: Cannot initialize the shared memory region
	operating system directive open failed
	Permission non accordée


pierre-MS-7253	Tue Dec 27 10:30:06 2011
	ConfigStorage: Cannot initialize the shared memory region
	operating system directive open failed
	Permission non accordée


pierre-MS-7253	Tue Dec 27 10:30:06 2011
	Error in isc_attach_database() API call when working with security database
	operating system directive open failed
	Permission non accordée


pierre-MS-7253	Tue Dec 27 10:30:06 2011
	ConfigStorage: Cannot initialize the shared memory region
	operating system directive open failed
	Permission non accordée


pierre-MS-7253	Tue Dec 27 10:30:06 2011
	ConfigStorage: Cannot initialize the shared memory region
	operating system directive open failed
	Permission non accordée


pierre-MS-7253	Tue Dec 27 10:30:06 2011
	ConfigStorage: Cannot initialize the shared memory region
	operating system directive open failed
	Permission non accordée


pierre-MS-7253	Tue Dec 27 10:30:06 2011
	Error in isc_attach_database() API call when working with security database
	operating system directive open failed
	Permission non accordée


pierre-MS-7253	Tue Dec 27 10:30:06 2011
	ConfigStorage: Cannot initialize the shared memory region
	operating system directive open failed
	Permission non accordée


pierre-MS-7253	Tue Dec 27 10:38:09 2011
	ConfigStorage: Cannot initialize the shared memory region
	operating system directive open failed
	Permission non accordée


pierre-MS-7253	Tue Dec 27 10:38:09 2011
	ConfigStorage: Cannot initialize the shared memory region
	operating system directive open failed
	Permission non accordée


pierre-MS-7253	Tue Dec 27 10:38:09 2011
	Error in isc_attach_database() API call when working with security database
	operating system directive open failed
	Permission non accordée


pierre-MS-7253	Tue Dec 27 10:38:09 2011
	ConfigStorage: Cannot initialize the shared memory region
	operating system directive open failed
	Permission non accordée


pierre-MS-7253	Tue Dec 27 10:38:09 2011
	ConfigStorage: Cannot initialize the shared memory region
	operating system directive open failed
	Permission non accordée


pierre-MS-7253	Tue Dec 27 10:38:09 2011
	ConfigStorage: Cannot initialize the shared memory region
	operating system directive open failed
	Permission non accordée


pierre-MS-7253	Tue Dec 27 10:38:09 2011
	Error in isc_attach_database() API call when working with security database
	operating system directive open failed
	Permission non accordée


pierre-MS-7253	Tue Dec 27 10:38:09 2011
	ConfigStorage: Cannot initialize the shared memory region
	operating system directive open failed
	Permission non accordée


pierre-MS-7253	Tue Dec 27 10:48:18 2011
	ConfigStorage: Cannot initialize the shared memory region
	operating system directive open failed
	Permission non accordée


pierre-MS-7253	Tue Dec 27 10:48:18 2011
	ConfigStorage: Cannot initialize the shared memory region
	operating system directive open failed
	Permission non accordée


pierre-MS-7253	Tue Dec 27 10:48:18 2011
	Error in isc_attach_database() API call when working with security database
	operating system directive open failed
	Permission non accordée


pierre-MS-7253	Tue Dec 27 10:48:18 2011
	ConfigStorage: Cannot initialize the shared memory region
	operating system directive open failed
	Permission non accordée


pierre-MS-7253	Tue Dec 27 10:48:18 2011
	ConfigStorage: Cannot initialize the shared memory region
	operating system directive open failed
	Permission non accordée


pierre-MS-7253	Tue Dec 27 10:48:18 2011
	ConfigStorage: Cannot initialize the shared memory region
	operating system directive open failed
	Permission non accordée


pierre-MS-7253	Tue Dec 27 10:48:18 2011
	Error in isc_attach_database() API call when working with security database
	operating system directive open failed
	Permission non accordée


pierre-MS-7253	Tue Dec 27 10:48:18 2011
	ConfigStorage: Cannot initialize the shared memory region
	operating system directive open failed
	Permission non accordée


MATTHIEU-PC	Tue Apr 24 12:37:42 2012
	Can't load INTL module 'c:\matthieu\programmation\lazarus delphi\extended\demos\extended\intl\fbintl.dll'


MATTHIEU-PC	Tue Apr 24 12:37:43 2012
	Can't load INTL module 'c:\matthieu\programmation\lazarus delphi\extended\demos\extended\intl\fbintl.dll'


MATTHIEU-PC	Tue Apr 24 12:37:43 2012
	Can't load INTL module 'c:\matthieu\programmation\lazarus delphi\extended\demos\extended\intl\fbintl.dll'


MATTHIEU-PC	Tue Apr 24 12:37:43 2012
	Can't load INTL module 'c:\matthieu\programmation\lazarus delphi\extended\demos\extended\intl\fbintl.dll'


MATTHIEU-PC	Tue Apr 24 12:37:43 2012
	Can't load INTL module 'c:\matthieu\programmation\lazarus delphi\extended\demos\extended\intl\fbintl.dll'


MATTHIEU-PC	Tue Apr 24 12:37:43 2012
	Can't load INTL module 'c:\matthieu\programmation\lazarus delphi\extended\demos\extended\intl\fbintl.dll'


MATTHIEU-PC	Tue Apr 24 12:37:43 2012
	Can't load INTL module 'c:\matthieu\programmation\lazarus delphi\extended\demos\extended\intl\fbintl.dll'


MATTHIEU-PC	Tue Apr 24 12:37:43 2012
	Can't load INTL module 'c:\matthieu\programmation\lazarus delphi\extended\demos\extended\intl\fbintl.dll'


MATTHIEU-PC	Tue Apr 24 12:37:43 2012
	Can't load INTL module 'c:\matthieu\programmation\lazarus delphi\extended\demos\extended\intl\fbintl.dll'


MATTHIEU-PC	Tue Apr 24 12:37:43 2012
	Can't load INTL module 'c:\matthieu\programmation\lazarus delphi\extended\demos\extended\intl\fbintl.dll'


MATTHIEU-PC	Tue Apr 24 12:37:43 2012
	Can't load INTL module 'c:\matthieu\programmation\lazarus delphi\extended\demos\extended\intl\fbintl.dll'


MATTHIEU-PC	Tue Apr 24 12:37:43 2012
	Can't load INTL module 'c:\matthieu\programmation\lazarus delphi\extended\demos\extended\intl\fbintl.dll'


MATTHIEU-PC	Tue Apr 24 12:37:43 2012
	Can't load INTL module 'c:\matthieu\programmation\lazarus delphi\extended\demos\extended\intl\fbintl.dll'


MATTHIEU-PC	Tue Apr 24 12:37:43 2012
	Can't load INTL module 'c:\matthieu\programmation\lazarus delphi\extended\demos\extended\intl\fbintl.dll'


MATTHIEU-PC	Tue Apr 24 12:37:43 2012
	Can't load INTL module 'c:\matthieu\programmation\lazarus delphi\extended\demos\extended\intl\fbintl.dll'


MATTHIEU-PC	Tue Apr 24 12:37:43 2012
	Can't load INTL module 'c:\matthieu\programmation\lazarus delphi\extended\demos\extended\intl\fbintl.dll'


MATTHIEU-PC	Tue Apr 24 12:37:43 2012
	Can't load INTL module 'c:\matthieu\programmation\lazarus delphi\extended\demos\extended\intl\fbintl.dll'


MATTHIEU-PC	Tue Apr 24 12:37:43 2012
	Can't load INTL module 'c:\matthieu\programmation\lazarus delphi\extended\demos\extended\intl\fbintl.dll'


MATTHIEU-PC	Tue Apr 24 12:37:43 2012
	Can't load INTL module 'c:\matthieu\programmation\lazarus delphi\extended\demos\extended\intl\fbintl.dll'


MATTHIEU-PC	Tue Apr 24 12:37:43 2012
	Can't load INTL module 'c:\matthieu\programmation\lazarus delphi\extended\demos\extended\intl\fbintl.dll'


MATTHIEU-PC	Tue Apr 24 12:37:43 2012
	Can't load INTL module 'c:\matthieu\programmation\lazarus delphi\extended\demos\extended\intl\fbintl.dll'


MATTHIEU-PC	Tue Apr 24 12:37:43 2012
	Can't load INTL module 'c:\matthieu\programmation\lazarus delphi\extended\demos\extended\intl\fbintl.dll'


MATTHIEU-PC	Tue Apr 24 12:37:43 2012
	Can't load INTL module 'c:\matthieu\programmation\lazarus delphi\extended\demos\extended\intl\fbintl.dll'


MATTHIEU-PC	Tue Apr 24 12:37:43 2012
	Can't load INTL module 'c:\matthieu\programmation\lazarus delphi\extended\demos\extended\intl\fbintl.dll'


MATTHIEU-PC	Tue Apr 24 12:37:43 2012
	Can't load INTL module 'c:\matthieu\programmation\lazarus delphi\extended\demos\extended\intl\fbintl.dll'


MATTHIEU-PC	Tue Apr 24 12:37:43 2012
	Can't load INTL module 'c:\matthieu\programmation\lazarus delphi\extended\demos\extended\intl\fbintl.dll'


MATTHIEU-PC	Tue Apr 24 12:37:43 2012
	Can't load INTL module 'c:\matthieu\programmation\lazarus delphi\extended\demos\extended\intl\fbintl.dll'


MATTHIEU-PC	Tue Apr 24 12:37:43 2012
	Can't load INTL module 'c:\matthieu\programmation\lazarus delphi\extended\demos\extended\intl\fbintl.dll'


MATTHIEU-PC	Tue Apr 24 12:37:43 2012
	Can't load INTL module 'c:\matthieu\programmation\lazarus delphi\extended\demos\extended\intl\fbintl.dll'


MATTHIEU-PC	Tue Apr 24 12:37:43 2012
	Can't load INTL module 'c:\matthieu\programmation\lazarus delphi\extended\demos\extended\intl\fbintl.dll'


MATTHIEU-PC	Tue Apr 24 12:37:43 2012
	Can't load INTL module 'c:\matthieu\programmation\lazarus delphi\extended\demos\extended\intl\fbintl.dll'


MATTHIEU-PC	Tue Apr 24 12:37:43 2012
	Can't load INTL module 'c:\matthieu\programmation\lazarus delphi\extended\demos\extended\intl\fbintl.dll'


MATTHIEU-PC	Tue Apr 24 12:37:43 2012
	Can't load INTL module 'c:\matthieu\programmation\lazarus delphi\extended\demos\extended\intl\fbintl.dll'


MATTHIEU-PC	Tue Apr 24 12:37:43 2012
	Can't load INTL module 'c:\matthieu\programmation\lazarus delphi\extended\demos\extended\intl\fbintl.dll'


MATTHIEU-PC	Tue Apr 24 12:37:43 2012
	Can't load INTL module 'c:\matthieu\programmation\lazarus delphi\extended\demos\extended\intl\fbintl.dll'


MATTHIEU-PC	Tue Apr 24 12:37:43 2012
	Can't load INTL module 'c:\matthieu\programmation\lazarus delphi\extended\demos\extended\intl\fbintl.dll'


MATTHIEU-PC	Tue Apr 24 12:37:43 2012
	Can't load INTL module 'c:\matthieu\programmation\lazarus delphi\extended\demos\extended\intl\fbintl.dll'


MATTHIEU-PC	Tue Apr 24 12:37:43 2012
	Can't load INTL module 'c:\matthieu\programmation\lazarus delphi\extended\demos\extended\intl\fbintl.dll'


MATTHIEU-PC	Tue Apr 24 12:37:43 2012
	Can't load INTL module 'c:\matthieu\programmation\lazarus delphi\extended\demos\extended\intl\fbintl.dll'


MATTHIEU-PC	Tue Apr 24 12:37:43 2012
	Can't load INTL module 'c:\matthieu\programmation\lazarus delphi\extended\demos\extended\intl\fbintl.dll'


MATTHIEU-PC	Tue Apr 24 12:37:43 2012
	Can't load INTL module 'c:\matthieu\programmation\lazarus delphi\extended\demos\extended\intl\fbintl.dll'


MATTHIEU-PC	Tue Apr 24 12:37:43 2012
	Can't load INTL module 'c:\matthieu\programmation\lazarus delphi\extended\demos\extended\intl\fbintl.dll'


MATTHIEU-PC	Tue Apr 24 12:37:43 2012
	Can't load INTL module 'c:\matthieu\programmation\lazarus delphi\extended\demos\extended\intl\fbintl.dll'


MATTHIEU-PC	Tue Apr 24 12:37:43 2012
	Can't load INTL module 'c:\matthieu\programmation\lazarus delphi\extended\demos\extended\intl\fbintl.dll'


MATTHIEU-PC	Tue Apr 24 12:37:43 2012
	Can't load INTL module 'c:\matthieu\programmation\lazarus delphi\extended\demos\extended\intl\fbintl.dll'


MATTHIEU-PC	Tue Apr 24 12:37:43 2012
	Can't load INTL module 'c:\matthieu\programmation\lazarus delphi\extended\demos\extended\intl\fbintl.dll'


MATTHIEU-PC	Tue Apr 24 12:37:43 2012
	Can't load INTL module 'c:\matthieu\programmation\lazarus delphi\extended\demos\extended\intl\fbintl.dll'


MATTHIEU-PC	Tue Apr 24 12:40:30 2012
	Can't load INTL module 'c:\matthieu\programmation\lazarus delphi\extended\demos\extended\intl\fbintl.dll'


MATTHIEU-PC	Tue Apr 24 12:40:30 2012
	Can't load INTL module 'c:\matthieu\programmation\lazarus delphi\extended\demos\extended\intl\fbintl.dll'


MATTHIEU-PC	Tue Apr 24 12:40:30 2012
	Can't load INTL module 'c:\matthieu\programmation\lazarus delphi\extended\demos\extended\intl\fbintl.dll'


MATTHIEU-PC	Tue Apr 24 12:40:30 2012
	Can't load INTL module 'c:\matthieu\programmation\lazarus delphi\extended\demos\extended\intl\fbintl.dll'


MATTHIEU-PC	Tue Apr 24 12:40:30 2012
	Can't load INTL module 'c:\matthieu\programmation\lazarus delphi\extended\demos\extended\intl\fbintl.dll'


MATTHIEU-PC	Tue Apr 24 12:40:30 2012
	Can't load INTL module 'c:\matthieu\programmation\lazarus delphi\extended\demos\extended\intl\fbintl.dll'


MATTHIEU-PC	Tue Apr 24 12:40:30 2012
	Can't load INTL module 'c:\matthieu\programmation\lazarus delphi\extended\demos\extended\intl\fbintl.dll'


MATTHIEU-PC	Tue Apr 24 12:40:30 2012
	Can't load INTL module 'c:\matthieu\programmation\lazarus delphi\extended\demos\extended\intl\fbintl.dll'


MATTHIEU-PC	Tue Apr 24 12:40:30 2012
	Can't load INTL module 'c:\matthieu\programmation\lazarus delphi\extended\demos\extended\intl\fbintl.dll'


MATTHIEU-PC	Tue Apr 24 12:40:30 2012
	Can't load INTL module 'c:\matthieu\programmation\lazarus delphi\extended\demos\extended\intl\fbintl.dll'


MATTHIEU-PC	Tue Apr 24 12:40:30 2012
	Can't load INTL module 'c:\matthieu\programmation\lazarus delphi\extended\demos\extended\intl\fbintl.dll'


MATTHIEU-PC	Tue Apr 24 12:40:30 2012
	Can't load INTL module 'c:\matthieu\programmation\lazarus delphi\extended\demos\extended\intl\fbintl.dll'


MATTHIEU-PC	Tue Apr 24 12:40:30 2012
	Can't load INTL module 'c:\matthieu\programmation\lazarus delphi\extended\demos\extended\intl\fbintl.dll'


MATTHIEU-PC	Tue Apr 24 12:40:30 2012
	Can't load INTL module 'c:\matthieu\programmation\lazarus delphi\extended\demos\extended\intl\fbintl.dll'


MATTHIEU-PC	Tue Apr 24 12:40:30 2012
	Can't load INTL module 'c:\matthieu\programmation\lazarus delphi\extended\demos\extended\intl\fbintl.dll'


MATTHIEU-PC	Tue Apr 24 12:40:30 2012
	Can't load INTL module 'c:\matthieu\programmation\lazarus delphi\extended\demos\extended\intl\fbintl.dll'


MATTHIEU-PC	Tue Apr 24 12:40:30 2012
	Can't load INTL module 'c:\matthieu\programmation\lazarus delphi\extended\demos\extended\intl\fbintl.dll'


MATTHIEU-PC	Tue Apr 24 12:40:30 2012
	Can't load INTL module 'c:\matthieu\programmation\lazarus delphi\extended\demos\extended\intl\fbintl.dll'


MATTHIEU-PC	Tue Apr 24 12:40:30 2012
	Can't load INTL module 'c:\matthieu\programmation\lazarus delphi\extended\demos\extended\intl\fbintl.dll'


MATTHIEU-PC	Tue Apr 24 12:40:30 2012
	Can't load INTL module 'c:\matthieu\programmation\lazarus delphi\extended\demos\extended\intl\fbintl.dll'


MATTHIEU-PC	Tue Apr 24 12:40:30 2012
	Can't load INTL module 'c:\matthieu\programmation\lazarus delphi\extended\demos\extended\intl\fbintl.dll'


MATTHIEU-PC	Tue Apr 24 12:40:30 2012
	Can't load INTL module 'c:\matthieu\programmation\lazarus delphi\extended\demos\extended\intl\fbintl.dll'


MATTHIEU-PC	Tue Apr 24 12:40:30 2012
	Can't load INTL module 'c:\matthieu\programmation\lazarus delphi\extended\demos\extended\intl\fbintl.dll'


MATTHIEU-PC	Tue Apr 24 12:40:30 2012
	Can't load INTL module 'c:\matthieu\programmation\lazarus delphi\extended\demos\extended\intl\fbintl.dll'


MATTHIEU-PC	Tue Apr 24 12:40:30 2012
	Can't load INTL module 'c:\matthieu\programmation\lazarus delphi\extended\demos\extended\intl\fbintl.dll'


MATTHIEU-PC	Tue Apr 24 12:40:30 2012
	Can't load INTL module 'c:\matthieu\programmation\lazarus delphi\extended\demos\extended\intl\fbintl.dll'


MATTHIEU-PC	Tue Apr 24 12:40:30 2012
	Can't load INTL module 'c:\matthieu\programmation\lazarus delphi\extended\demos\extended\intl\fbintl.dll'


MATTHIEU-PC	Tue Apr 24 12:40:30 2012
	Can't load INTL module 'c:\matthieu\programmation\lazarus delphi\extended\demos\extended\intl\fbintl.dll'


MATTHIEU-PC	Tue Apr 24 12:40:30 2012
	Can't load INTL module 'c:\matthieu\programmation\lazarus delphi\extended\demos\extended\intl\fbintl.dll'


MATTHIEU-PC	Tue Apr 24 12:40:30 2012
	Can't load INTL module 'c:\matthieu\programmation\lazarus delphi\extended\demos\extended\intl\fbintl.dll'


MATTHIEU-PC	Tue Apr 24 12:40:30 2012
	Can't load INTL module 'c:\matthieu\programmation\lazarus delphi\extended\demos\extended\intl\fbintl.dll'


MATTHIEU-PC	Tue Apr 24 12:40:30 2012
	Can't load INTL module 'c:\matthieu\programmation\lazarus delphi\extended\demos\extended\intl\fbintl.dll'


MATTHIEU-PC	Tue Apr 24 12:40:30 2012
	Can't load INTL module 'c:\matthieu\programmation\lazarus delphi\extended\demos\extended\intl\fbintl.dll'


MATTHIEU-PC	Tue Apr 24 12:40:30 2012
	Can't load INTL module 'c:\matthieu\programmation\lazarus delphi\extended\demos\extended\intl\fbintl.dll'


MATTHIEU-PC	Tue Apr 24 12:40:30 2012
	Can't load INTL module 'c:\matthieu\programmation\lazarus delphi\extended\demos\extended\intl\fbintl.dll'


MATTHIEU-PC	Tue Apr 24 12:40:30 2012
	Can't load INTL module 'c:\matthieu\programmation\lazarus delphi\extended\demos\extended\intl\fbintl.dll'


MATTHIEU-PC	Tue Apr 24 12:40:30 2012
	Can't load INTL module 'c:\matthieu\programmation\lazarus delphi\extended\demos\extended\intl\fbintl.dll'


MATTHIEU-PC	Tue Apr 24 12:40:30 2012
	Can't load INTL module 'c:\matthieu\programmation\lazarus delphi\extended\demos\extended\intl\fbintl.dll'


MATTHIEU-PC	Tue Apr 24 12:40:30 2012
	Can't load INTL module 'c:\matthieu\programmation\lazarus delphi\extended\demos\extended\intl\fbintl.dll'


MATTHIEU-PC	Tue Apr 24 12:40:30 2012
	Can't load INTL module 'c:\matthieu\programmation\lazarus delphi\extended\demos\extended\intl\fbintl.dll'


MATTHIEU-PC	Tue Apr 24 12:40:30 2012
	Can't load INTL module 'c:\matthieu\programmation\lazarus delphi\extended\demos\extended\intl\fbintl.dll'


MATTHIEU-PC	Tue Apr 24 12:40:30 2012
	Can't load INTL module 'c:\matthieu\programmation\lazarus delphi\extended\demos\extended\intl\fbintl.dll'


MATTHIEU-PC	Tue Apr 24 12:40:30 2012
	Can't load INTL module 'c:\matthieu\programmation\lazarus delphi\extended\demos\extended\intl\fbintl.dll'


MATTHIEU-PC	Tue Apr 24 12:40:30 2012
	Can't load INTL module 'c:\matthieu\programmation\lazarus delphi\extended\demos\extended\intl\fbintl.dll'


MATTHIEU-PC	Tue Apr 24 12:40:30 2012
	Can't load INTL module 'c:\matthieu\programmation\lazarus delphi\extended\demos\extended\intl\fbintl.dll'


MATTHIEU-PC	Tue Apr 24 12:40:30 2012
	Can't load INTL module 'c:\matthieu\programmation\lazarus delphi\extended\demos\extended\intl\fbintl.dll'


MATTHIEU-PC	Tue Apr 24 12:40:30 2012
	Can't load INTL module 'c:\matthieu\programmation\lazarus delphi\extended\demos\extended\intl\fbintl.dll'


MATTHIEU-PC	Tue Apr 24 12:44:26 2012
	Can't load INTL module 'c:\matthieu\programmation\lazarus delphi\extended\demos\extended\intl\fbintl.dll'


MATTHIEU-PC	Tue Apr 24 12:44:26 2012
	Can't load INTL module 'c:\matthieu\programmation\lazarus delphi\extended\demos\extended\intl\fbintl.dll'


MATTHIEU-PC	Tue Apr 24 12:44:26 2012
	Can't load INTL module 'c:\matthieu\programmation\lazarus delphi\extended\demos\extended\intl\fbintl.dll'


MATTHIEU-PC	Tue Apr 24 12:44:26 2012
	Can't load INTL module 'c:\matthieu\programmation\lazarus delphi\extended\demos\extended\intl\fbintl.dll'


MATTHIEU-PC	Tue Apr 24 12:44:26 2012
	Can't load INTL module 'c:\matthieu\programmation\lazarus delphi\extended\demos\extended\intl\fbintl.dll'


MATTHIEU-PC	Tue Apr 24 12:44:26 2012
	Can't load INTL module 'c:\matthieu\programmation\lazarus delphi\extended\demos\extended\intl\fbintl.dll'


MATTHIEU-PC	Tue Apr 24 12:44:26 2012
	Can't load INTL module 'c:\matthieu\programmation\lazarus delphi\extended\demos\extended\intl\fbintl.dll'


MATTHIEU-PC	Tue Apr 24 12:44:26 2012
	Can't load INTL module 'c:\matthieu\programmation\lazarus delphi\extended\demos\extended\intl\fbintl.dll'


MATTHIEU-PC	Tue Apr 24 12:44:26 2012
	Can't load INTL module 'c:\matthieu\programmation\lazarus delphi\extended\demos\extended\intl\fbintl.dll'


MATTHIEU-PC	Tue Apr 24 12:44:26 2012
	Can't load INTL module 'c:\matthieu\programmation\lazarus delphi\extended\demos\extended\intl\fbintl.dll'


MATTHIEU-PC	Tue Apr 24 12:44:26 2012
	Can't load INTL module 'c:\matthieu\programmation\lazarus delphi\extended\demos\extended\intl\fbintl.dll'


MATTHIEU-PC	Tue Apr 24 12:44:26 2012
	Can't load INTL module 'c:\matthieu\programmation\lazarus delphi\extended\demos\extended\intl\fbintl.dll'


MATTHIEU-PC	Tue Apr 24 12:44:26 2012
	Can't load INTL module 'c:\matthieu\programmation\lazarus delphi\extended\demos\extended\intl\fbintl.dll'


MATTHIEU-PC	Tue Apr 24 12:44:26 2012
	Can't load INTL module 'c:\matthieu\programmation\lazarus delphi\extended\demos\extended\intl\fbintl.dll'


MATTHIEU-PC	Tue Apr 24 12:44:26 2012
	Can't load INTL module 'c:\matthieu\programmation\lazarus delphi\extended\demos\extended\intl\fbintl.dll'


MATTHIEU-PC	Tue Apr 24 12:44:26 2012
	Can't load INTL module 'c:\matthieu\programmation\lazarus delphi\extended\demos\extended\intl\fbintl.dll'


MATTHIEU-PC	Tue Apr 24 12:44:26 2012
	Can't load INTL module 'c:\matthieu\programmation\lazarus delphi\extended\demos\extended\intl\fbintl.dll'


MATTHIEU-PC	Tue Apr 24 12:44:26 2012
	Can't load INTL module 'c:\matthieu\programmation\lazarus delphi\extended\demos\extended\intl\fbintl.dll'


MATTHIEU-PC	Tue Apr 24 12:44:26 2012
	Can't load INTL module 'c:\matthieu\programmation\lazarus delphi\extended\demos\extended\intl\fbintl.dll'


MATTHIEU-PC	Tue Apr 24 12:44:26 2012
	Can't load INTL module 'c:\matthieu\programmation\lazarus delphi\extended\demos\extended\intl\fbintl.dll'


MATTHIEU-PC	Tue Apr 24 12:44:26 2012
	Can't load INTL module 'c:\matthieu\programmation\lazarus delphi\extended\demos\extended\intl\fbintl.dll'


MATTHIEU-PC	Tue Apr 24 12:44:26 2012
	Can't load INTL module 'c:\matthieu\programmation\lazarus delphi\extended\demos\extended\intl\fbintl.dll'


MATTHIEU-PC	Tue Apr 24 12:44:26 2012
	Can't load INTL module 'c:\matthieu\programmation\lazarus delphi\extended\demos\extended\intl\fbintl.dll'


MATTHIEU-PC	Tue Apr 24 12:44:26 2012
	Can't load INTL module 'c:\matthieu\programmation\lazarus delphi\extended\demos\extended\intl\fbintl.dll'


MATTHIEU-PC	Tue Apr 24 12:44:26 2012
	Can't load INTL module 'c:\matthieu\programmation\lazarus delphi\extended\demos\extended\intl\fbintl.dll'


MATTHIEU-PC	Tue Apr 24 12:44:26 2012
	Can't load INTL module 'c:\matthieu\programmation\lazarus delphi\extended\demos\extended\intl\fbintl.dll'


MATTHIEU-PC	Tue Apr 24 12:44:26 2012
	Can't load INTL module 'c:\matthieu\programmation\lazarus delphi\extended\demos\extended\intl\fbintl.dll'


MATTHIEU-PC	Tue Apr 24 12:44:26 2012
	Can't load INTL module 'c:\matthieu\programmation\lazarus delphi\extended\demos\extended\intl\fbintl.dll'


MATTHIEU-PC	Tue Apr 24 12:44:26 2012
	Can't load INTL module 'c:\matthieu\programmation\lazarus delphi\extended\demos\extended\intl\fbintl.dll'


MATTHIEU-PC	Tue Apr 24 12:44:26 2012
	Can't load INTL module 'c:\matthieu\programmation\lazarus delphi\extended\demos\extended\intl\fbintl.dll'


MATTHIEU-PC	Tue Apr 24 12:44:26 2012
	Can't load INTL module 'c:\matthieu\programmation\lazarus delphi\extended\demos\extended\intl\fbintl.dll'


MATTHIEU-PC	Tue Apr 24 12:44:26 2012
	Can't load INTL module 'c:\matthieu\programmation\lazarus delphi\extended\demos\extended\intl\fbintl.dll'


MATTHIEU-PC	Tue Apr 24 12:44:26 2012
	Can't load INTL module 'c:\matthieu\programmation\lazarus delphi\extended\demos\extended\intl\fbintl.dll'


MATTHIEU-PC	Tue Apr 24 12:44:26 2012
	Can't load INTL module 'c:\matthieu\programmation\lazarus delphi\extended\demos\extended\intl\fbintl.dll'


MATTHIEU-PC	Tue Apr 24 12:44:26 2012
	Can't load INTL module 'c:\matthieu\programmation\lazarus delphi\extended\demos\extended\intl\fbintl.dll'


MATTHIEU-PC	Tue Apr 24 12:44:26 2012
	Can't load INTL module 'c:\matthieu\programmation\lazarus delphi\extended\demos\extended\intl\fbintl.dll'


MATTHIEU-PC	Tue Apr 24 12:44:26 2012
	Can't load INTL module 'c:\matthieu\programmation\lazarus delphi\extended\demos\extended\intl\fbintl.dll'


MATTHIEU-PC	Tue Apr 24 12:44:26 2012
	Can't load INTL module 'c:\matthieu\programmation\lazarus delphi\extended\demos\extended\intl\fbintl.dll'


MATTHIEU-PC	Tue Apr 24 12:44:26 2012
	Can't load INTL module 'c:\matthieu\programmation\lazarus delphi\extended\demos\extended\intl\fbintl.dll'


MATTHIEU-PC	Tue Apr 24 12:44:26 2012
	Can't load INTL module 'c:\matthieu\programmation\lazarus delphi\extended\demos\extended\intl\fbintl.dll'


MATTHIEU-PC	Tue Apr 24 12:44:26 2012
	Can't load INTL module 'c:\matthieu\programmation\lazarus delphi\extended\demos\extended\intl\fbintl.dll'


MATTHIEU-PC	Tue Apr 24 12:44:26 2012
	Can't load INTL module 'c:\matthieu\programmation\lazarus delphi\extended\demos\extended\intl\fbintl.dll'


MATTHIEU-PC	Tue Apr 24 12:44:26 2012
	Can't load INTL module 'c:\matthieu\programmation\lazarus delphi\extended\demos\extended\intl\fbintl.dll'


MATTHIEU-PC	Tue Apr 24 12:44:26 2012
	Can't load INTL module 'c:\matthieu\programmation\lazarus delphi\extended\demos\extended\intl\fbintl.dll'


MATTHIEU-PC	Tue Apr 24 12:44:26 2012
	Can't load INTL module 'c:\matthieu\programmation\lazarus delphi\extended\demos\extended\intl\fbintl.dll'


MATTHIEU-PC	Tue Apr 24 12:44:26 2012
	Can't load INTL module 'c:\matthieu\programmation\lazarus delphi\extended\demos\extended\intl\fbintl.dll'


MATTHIEU-PC	Tue Apr 24 12:44:26 2012
	Can't load INTL module 'c:\matthieu\programmation\lazarus delphi\extended\demos\extended\intl\fbintl.dll'


MATTHIEU-PC	Tue Apr 24 14:48:06 2012
	Can't load INTL module 'c:\matthieu\programmation\lazarus delphi\extended\demos\extended\intl\fbintl.dll'


MATTHIEU-PC	Tue Apr 24 14:48:06 2012
	Can't load INTL module 'c:\matthieu\programmation\lazarus delphi\extended\demos\extended\intl\fbintl.dll'


MATTHIEU-PC	Tue Apr 24 14:48:06 2012
	Can't load INTL module 'c:\matthieu\programmation\lazarus delphi\extended\demos\extended\intl\fbintl.dll'


MATTHIEU-PC	Tue Apr 24 14:48:06 2012
	Can't load INTL module 'c:\matthieu\programmation\lazarus delphi\extended\demos\extended\intl\fbintl.dll'


MATTHIEU-PC	Tue Apr 24 14:48:06 2012
	Can't load INTL module 'c:\matthieu\programmation\lazarus delphi\extended\demos\extended\intl\fbintl.dll'


MATTHIEU-PC	Tue Apr 24 14:48:06 2012
	Can't load INTL module 'c:\matthieu\programmation\lazarus delphi\extended\demos\extended\intl\fbintl.dll'


MATTHIEU-PC	Tue Apr 24 14:48:06 2012
	Can't load INTL module 'c:\matthieu\programmation\lazarus delphi\extended\demos\extended\intl\fbintl.dll'


MATTHIEU-PC	Tue Apr 24 14:48:06 2012
	Can't load INTL module 'c:\matthieu\programmation\lazarus delphi\extended\demos\extended\intl\fbintl.dll'


MATTHIEU-PC	Tue Apr 24 14:48:06 2012
	Can't load INTL module 'c:\matthieu\programmation\lazarus delphi\extended\demos\extended\intl\fbintl.dll'


MATTHIEU-PC	Tue Apr 24 14:48:06 2012
	Can't load INTL module 'c:\matthieu\programmation\lazarus delphi\extended\demos\extended\intl\fbintl.dll'


MATTHIEU-PC	Tue Apr 24 14:48:06 2012
	Can't load INTL module 'c:\matthieu\programmation\lazarus delphi\extended\demos\extended\intl\fbintl.dll'


MATTHIEU-PC	Tue Apr 24 14:48:06 2012
	Can't load INTL module 'c:\matthieu\programmation\lazarus delphi\extended\demos\extended\intl\fbintl.dll'


MATTHIEU-PC	Tue Apr 24 14:48:06 2012
	Can't load INTL module 'c:\matthieu\programmation\lazarus delphi\extended\demos\extended\intl\fbintl.dll'


MATTHIEU-PC	Tue Apr 24 14:48:06 2012
	Can't load INTL module 'c:\matthieu\programmation\lazarus delphi\extended\demos\extended\intl\fbintl.dll'


MATTHIEU-PC	Tue Apr 24 14:48:06 2012
	Can't load INTL module 'c:\matthieu\programmation\lazarus delphi\extended\demos\extended\intl\fbintl.dll'


MATTHIEU-PC	Tue Apr 24 14:48:06 2012
	Can't load INTL module 'c:\matthieu\programmation\lazarus delphi\extended\demos\extended\intl\fbintl.dll'


MATTHIEU-PC	Tue Apr 24 14:48:06 2012
	Can't load INTL module 'c:\matthieu\programmation\lazarus delphi\extended\demos\extended\intl\fbintl.dll'


MATTHIEU-PC	Tue Apr 24 14:48:06 2012
	Can't load INTL module 'c:\matthieu\programmation\lazarus delphi\extended\demos\extended\intl\fbintl.dll'


MATTHIEU-PC	Tue Apr 24 14:48:06 2012
	Can't load INTL module 'c:\matthieu\programmation\lazarus delphi\extended\demos\extended\intl\fbintl.dll'


MATTHIEU-PC	Tue Apr 24 14:48:06 2012
	Can't load INTL module 'c:\matthieu\programmation\lazarus delphi\extended\demos\extended\intl\fbintl.dll'


MATTHIEU-PC	Tue Apr 24 14:48:06 2012
	Can't load INTL module 'c:\matthieu\programmation\lazarus delphi\extended\demos\extended\intl\fbintl.dll'


MATTHIEU-PC	Tue Apr 24 14:48:06 2012
	Can't load INTL module 'c:\matthieu\programmation\lazarus delphi\extended\demos\extended\intl\fbintl.dll'


MATTHIEU-PC	Tue Apr 24 14:48:06 2012
	Can't load INTL module 'c:\matthieu\programmation\lazarus delphi\extended\demos\extended\intl\fbintl.dll'


MATTHIEU-PC	Tue Apr 24 14:48:06 2012
	Can't load INTL module 'c:\matthieu\programmation\lazarus delphi\extended\demos\extended\intl\fbintl.dll'


MATTHIEU-PC	Tue Apr 24 14:48:06 2012
	Can't load INTL module 'c:\matthieu\programmation\lazarus delphi\extended\demos\extended\intl\fbintl.dll'


MATTHIEU-PC	Tue Apr 24 14:48:06 2012
	Can't load INTL module 'c:\matthieu\programmation\lazarus delphi\extended\demos\extended\intl\fbintl.dll'


MATTHIEU-PC	Tue Apr 24 14:48:06 2012
	Can't load INTL module 'c:\matthieu\programmation\lazarus delphi\extended\demos\extended\intl\fbintl.dll'


MATTHIEU-PC	Tue Apr 24 14:48:06 2012
	Can't load INTL module 'c:\matthieu\programmation\lazarus delphi\extended\demos\extended\intl\fbintl.dll'


MATTHIEU-PC	Tue Apr 24 14:48:06 2012
	Can't load INTL module 'c:\matthieu\programmation\lazarus delphi\extended\demos\extended\intl\fbintl.dll'


MATTHIEU-PC	Tue Apr 24 14:48:06 2012
	Can't load INTL module 'c:\matthieu\programmation\lazarus delphi\extended\demos\extended\intl\fbintl.dll'


MATTHIEU-PC	Tue Apr 24 14:48:06 2012
	Can't load INTL module 'c:\matthieu\programmation\lazarus delphi\extended\demos\extended\intl\fbintl.dll'


MATTHIEU-PC	Tue Apr 24 14:48:06 2012
	Can't load INTL module 'c:\matthieu\programmation\lazarus delphi\extended\demos\extended\intl\fbintl.dll'


MATTHIEU-PC	Tue Apr 24 14:48:06 2012
	Can't load INTL module 'c:\matthieu\programmation\lazarus delphi\extended\demos\extended\intl\fbintl.dll'


MATTHIEU-PC	Tue Apr 24 14:48:06 2012
	Can't load INTL module 'c:\matthieu\programmation\lazarus delphi\extended\demos\extended\intl\fbintl.dll'


MATTHIEU-PC	Tue Apr 24 14:48:06 2012
	Can't load INTL module 'c:\matthieu\programmation\lazarus delphi\extended\demos\extended\intl\fbintl.dll'


MATTHIEU-PC	Tue Apr 24 14:48:06 2012
	Can't load INTL module 'c:\matthieu\programmation\lazarus delphi\extended\demos\extended\intl\fbintl.dll'


MATTHIEU-PC	Tue Apr 24 14:48:06 2012
	Can't load INTL module 'c:\matthieu\programmation\lazarus delphi\extended\demos\extended\intl\fbintl.dll'


MATTHIEU-PC	Tue Apr 24 14:48:06 2012
	Can't load INTL module 'c:\matthieu\programmation\lazarus delphi\extended\demos\extended\intl\fbintl.dll'


MATTHIEU-PC	Tue Apr 24 14:48:06 2012
	Can't load INTL module 'c:\matthieu\programmation\lazarus delphi\extended\demos\extended\intl\fbintl.dll'


MATTHIEU-PC	Tue Apr 24 14:48:06 2012
	Can't load INTL module 'c:\matthieu\programmation\lazarus delphi\extended\demos\extended\intl\fbintl.dll'


MATTHIEU-PC	Tue Apr 24 14:48:06 2012
	Can't load INTL module 'c:\matthieu\programmation\lazarus delphi\extended\demos\extended\intl\fbintl.dll'


MATTHIEU-PC	Tue Apr 24 14:48:06 2012
	Can't load INTL module 'c:\matthieu\programmation\lazarus delphi\extended\demos\extended\intl\fbintl.dll'


MATTHIEU-PC	Tue Apr 24 14:48:06 2012
	Can't load INTL module 'c:\matthieu\programmation\lazarus delphi\extended\demos\extended\intl\fbintl.dll'


MATTHIEU-PC	Tue Apr 24 14:48:06 2012
	Can't load INTL module 'c:\matthieu\programmation\lazarus delphi\extended\demos\extended\intl\fbintl.dll'


MATTHIEU-PC	Tue Apr 24 14:48:06 2012
	Can't load INTL module 'c:\matthieu\programmation\lazarus delphi\extended\demos\extended\intl\fbintl.dll'


MATTHIEU-PC	Tue Apr 24 14:48:06 2012
	Can't load INTL module 'c:\matthieu\programmation\lazarus delphi\extended\demos\extended\intl\fbintl.dll'


MATTHIEU-PC	Tue Apr 24 14:48:06 2012
	Can't load INTL module 'c:\matthieu\programmation\lazarus delphi\extended\demos\extended\intl\fbintl.dll'


MATTHIEU-PC	Tue Apr 24 14:59:52 2012
	Can't load INTL module 'c:\matthieu\programmation\lazarus delphi\extended\demos\extended\intl\fbintl.dll'


MATTHIEU-PC	Tue Apr 24 14:59:52 2012
	Can't load INTL module 'c:\matthieu\programmation\lazarus delphi\extended\demos\extended\intl\fbintl.dll'


MATTHIEU-PC	Tue Apr 24 14:59:52 2012
	Can't load INTL module 'c:\matthieu\programmation\lazarus delphi\extended\demos\extended\intl\fbintl.dll'


MATTHIEU-PC	Tue Apr 24 14:59:52 2012
	Can't load INTL module 'c:\matthieu\programmation\lazarus delphi\extended\demos\extended\intl\fbintl.dll'


MATTHIEU-PC	Tue Apr 24 14:59:52 2012
	Can't load INTL module 'c:\matthieu\programmation\lazarus delphi\extended\demos\extended\intl\fbintl.dll'


MATTHIEU-PC	Tue Apr 24 14:59:52 2012
	Can't load INTL module 'c:\matthieu\programmation\lazarus delphi\extended\demos\extended\intl\fbintl.dll'


MATTHIEU-PC	Tue Apr 24 14:59:52 2012
	Can't load INTL module 'c:\matthieu\programmation\lazarus delphi\extended\demos\extended\intl\fbintl.dll'


MATTHIEU-PC	Tue Apr 24 14:59:52 2012
	Can't load INTL module 'c:\matthieu\programmation\lazarus delphi\extended\demos\extended\intl\fbintl.dll'


MATTHIEU-PC	Tue Apr 24 14:59:52 2012
	Can't load INTL module 'c:\matthieu\programmation\lazarus delphi\extended\demos\extended\intl\fbintl.dll'


MATTHIEU-PC	Tue Apr 24 14:59:52 2012
	Can't load INTL module 'c:\matthieu\programmation\lazarus delphi\extended\demos\extended\intl\fbintl.dll'


MATTHIEU-PC	Tue Apr 24 14:59:52 2012
	Can't load INTL module 'c:\matthieu\programmation\lazarus delphi\extended\demos\extended\intl\fbintl.dll'


MATTHIEU-PC	Tue Apr 24 14:59:52 2012
	Can't load INTL module 'c:\matthieu\programmation\lazarus delphi\extended\demos\extended\intl\fbintl.dll'


MATTHIEU-PC	Tue Apr 24 14:59:52 2012
	Can't load INTL module 'c:\matthieu\programmation\lazarus delphi\extended\demos\extended\intl\fbintl.dll'


MATTHIEU-PC	Tue Apr 24 14:59:52 2012
	Can't load INTL module 'c:\matthieu\programmation\lazarus delphi\extended\demos\extended\intl\fbintl.dll'


MATTHIEU-PC	Tue Apr 24 14:59:52 2012
	Can't load INTL module 'c:\matthieu\programmation\lazarus delphi\extended\demos\extended\intl\fbintl.dll'


MATTHIEU-PC	Tue Apr 24 14:59:52 2012
	Can't load INTL module 'c:\matthieu\programmation\lazarus delphi\extended\demos\extended\intl\fbintl.dll'


MATTHIEU-PC	Tue Apr 24 14:59:52 2012
	Can't load INTL module 'c:\matthieu\programmation\lazarus delphi\extended\demos\extended\intl\fbintl.dll'


MATTHIEU-PC	Tue Apr 24 14:59:52 2012
	Can't load INTL module 'c:\matthieu\programmation\lazarus delphi\extended\demos\extended\intl\fbintl.dll'


MATTHIEU-PC	Tue Apr 24 14:59:52 2012
	Can't load INTL module 'c:\matthieu\programmation\lazarus delphi\extended\demos\extended\intl\fbintl.dll'


MATTHIEU-PC	Tue Apr 24 14:59:52 2012
	Can't load INTL module 'c:\matthieu\programmation\lazarus delphi\extended\demos\extended\intl\fbintl.dll'


MATTHIEU-PC	Tue Apr 24 14:59:52 2012
	Can't load INTL module 'c:\matthieu\programmation\lazarus delphi\extended\demos\extended\intl\fbintl.dll'


MATTHIEU-PC	Tue Apr 24 14:59:52 2012
	Can't load INTL module 'c:\matthieu\programmation\lazarus delphi\extended\demos\extended\intl\fbintl.dll'


MATTHIEU-PC	Tue Apr 24 14:59:52 2012
	Can't load INTL module 'c:\matthieu\programmation\lazarus delphi\extended\demos\extended\intl\fbintl.dll'


MATTHIEU-PC	Tue Apr 24 14:59:52 2012
	Can't load INTL module 'c:\matthieu\programmation\lazarus delphi\extended\demos\extended\intl\fbintl.dll'


MATTHIEU-PC	Tue Apr 24 14:59:52 2012
	Can't load INTL module 'c:\matthieu\programmation\lazarus delphi\extended\demos\extended\intl\fbintl.dll'


MATTHIEU-PC	Tue Apr 24 14:59:52 2012
	Can't load INTL module 'c:\matthieu\programmation\lazarus delphi\extended\demos\extended\intl\fbintl.dll'


MATTHIEU-PC	Tue Apr 24 14:59:52 2012
	Can't load INTL module 'c:\matthieu\programmation\lazarus delphi\extended\demos\extended\intl\fbintl.dll'


MATTHIEU-PC	Tue Apr 24 14:59:52 2012
	Can't load INTL module 'c:\matthieu\programmation\lazarus delphi\extended\demos\extended\intl\fbintl.dll'


MATTHIEU-PC	Tue Apr 24 14:59:52 2012
	Can't load INTL module 'c:\matthieu\programmation\lazarus delphi\extended\demos\extended\intl\fbintl.dll'


MATTHIEU-PC	Tue Apr 24 14:59:52 2012
	Can't load INTL module 'c:\matthieu\programmation\lazarus delphi\extended\demos\extended\intl\fbintl.dll'


MATTHIEU-PC	Tue Apr 24 14:59:52 2012
	Can't load INTL module 'c:\matthieu\programmation\lazarus delphi\extended\demos\extended\intl\fbintl.dll'


MATTHIEU-PC	Tue Apr 24 14:59:52 2012
	Can't load INTL module 'c:\matthieu\programmation\lazarus delphi\extended\demos\extended\intl\fbintl.dll'


MATTHIEU-PC	Tue Apr 24 14:59:52 2012
	Can't load INTL module 'c:\matthieu\programmation\lazarus delphi\extended\demos\extended\intl\fbintl.dll'


MATTHIEU-PC	Tue Apr 24 14:59:52 2012
	Can't load INTL module 'c:\matthieu\programmation\lazarus delphi\extended\demos\extended\intl\fbintl.dll'


MATTHIEU-PC	Tue Apr 24 14:59:52 2012
	Can't load INTL module 'c:\matthieu\programmation\lazarus delphi\extended\demos\extended\intl\fbintl.dll'


MATTHIEU-PC	Tue Apr 24 14:59:52 2012
	Can't load INTL module 'c:\matthieu\programmation\lazarus delphi\extended\demos\extended\intl\fbintl.dll'


MATTHIEU-PC	Tue Apr 24 14:59:52 2012
	Can't load INTL module 'c:\matthieu\programmation\lazarus delphi\extended\demos\extended\intl\fbintl.dll'


MATTHIEU-PC	Tue Apr 24 14:59:52 2012
	Can't load INTL module 'c:\matthieu\programmation\lazarus delphi\extended\demos\extended\intl\fbintl.dll'


MATTHIEU-PC	Tue Apr 24 14:59:52 2012
	Can't load INTL module 'c:\matthieu\programmation\lazarus delphi\extended\demos\extended\intl\fbintl.dll'


MATTHIEU-PC	Tue Apr 24 14:59:52 2012
	Can't load INTL module 'c:\matthieu\programmation\lazarus delphi\extended\demos\extended\intl\fbintl.dll'


MATTHIEU-PC	Tue Apr 24 14:59:52 2012
	Can't load INTL module 'c:\matthieu\programmation\lazarus delphi\extended\demos\extended\intl\fbintl.dll'


MATTHIEU-PC	Tue Apr 24 14:59:52 2012
	Can't load INTL module 'c:\matthieu\programmation\lazarus delphi\extended\demos\extended\intl\fbintl.dll'


MATTHIEU-PC	Tue Apr 24 14:59:52 2012
	Can't load INTL module 'c:\matthieu\programmation\lazarus delphi\extended\demos\extended\intl\fbintl.dll'


MATTHIEU-PC	Tue Apr 24 14:59:52 2012
	Can't load INTL module 'c:\matthieu\programmation\lazarus delphi\extended\demos\extended\intl\fbintl.dll'


MATTHIEU-PC	Tue Apr 24 14:59:52 2012
	Can't load INTL module 'c:\matthieu\programmation\lazarus delphi\extended\demos\extended\intl\fbintl.dll'


MATTHIEU-PC	Tue Apr 24 14:59:52 2012
	Can't load INTL module 'c:\matthieu\programmation\lazarus delphi\extended\demos\extended\intl\fbintl.dll'


MATTHIEU-PC	Tue Apr 24 14:59:52 2012
	Can't load INTL module 'c:\matthieu\programmation\lazarus delphi\extended\demos\extended\intl\fbintl.dll'

